<?xml version="1.0" encoding="UTF-8"?>
<testng-results ignored="0" total="2" passed="2" failed="0" skipped="0">
  <reporter-output>
  </reporter-output>
  <suite started-at="2023-08-11T07:03:18 IST" name="Suite" finished-at="2023-08-11T07:03:38 IST" duration-ms="19785">
    <groups>
    </groups>
    <test started-at="2023-08-11T07:03:18 IST" name="Registration Page" finished-at="2023-08-11T07:03:38 IST" duration-ms="19785">
      <class name="com.testcases.Register">
        <test-method is-config="true" signature="setup(java.lang.String)[pri:0, instance:com.testcases.Register@53aac487]" started-at="2023-08-11T07:03:18 IST" name="setup" finished-at="2023-08-11T07:03:27 IST" duration-ms="8633" status="PASS">
          <params>
            <param index="0">
              <value>
                <![CDATA[chrome]]>
              </value>
            </param>
          </params>
          <reporter-output>
          </reporter-output>
        </test-method> <!-- setup -->
        <test-method signature="account()[pri:1, instance:com.testcases.Register@53aac487]" started-at="2023-08-11T07:03:27 IST" name="account" finished-at="2023-08-11T07:03:31 IST" duration-ms="3838" status="PASS">
          <reporter-output>
          </reporter-output>
        </test-method> <!-- account -->
        <test-method signature="registerPage()[pri:2, instance:com.testcases.Register@53aac487]" started-at="2023-08-11T07:03:31 IST" name="registerPage" finished-at="2023-08-11T07:03:37 IST" duration-ms="5787" status="PASS">
          <reporter-output>
          </reporter-output>
        </test-method> <!-- registerPage -->
        <test-method is-config="true" signature="tearDown()[pri:0, instance:com.testcases.Register@53aac487]" started-at="2023-08-11T07:03:37 IST" name="tearDown" finished-at="2023-08-11T07:03:38 IST" duration-ms="1371" status="PASS">
          <reporter-output>
          </reporter-output>
        </test-method> <!-- tearDown -->
      </class> <!-- com.testcases.Register -->
    </test> <!-- Registration Page -->
  </suite> <!-- Suite -->
</testng-results>
