<?xml version="1.0" encoding="UTF-8"?>
<testng-results ignored="0" total="2" passed="2" failed="0" skipped="0">
  <reporter-output>
  </reporter-output>
  <suite started-at="2023-09-04T13:42:39 IST" name="Suite" finished-at="2023-09-04T13:42:49 IST" duration-ms="10893">
    <groups>
    </groups>
    <test started-at="2023-09-04T13:42:39 IST" name="Test" finished-at="2023-09-04T13:42:49 IST" duration-ms="10893">
      <class name="testcases.Register">
        <test-method is-config="true" signature="setup(java.lang.String)[pri:0, instance:testcases.Register@3cebbb30]" started-at="2023-09-04T13:42:39 IST" name="setup" finished-at="2023-09-04T13:42:45 IST" duration-ms="6887" status="PASS">
          <params>
            <param index="0">
              <value>
                <![CDATA[chrome]]>
              </value>
            </param>
          </params>
          <reporter-output>
          </reporter-output>
        </test-method> <!-- setup -->
        <test-method signature="registerpage()[pri:1, instance:testcases.Register@3cebbb30]" started-at="2023-09-04T13:42:45 IST" name="registerpage" finished-at="2023-09-04T13:42:48 IST" duration-ms="2361" status="PASS">
          <reporter-output>
          </reporter-output>
        </test-method> <!-- registerpage -->
        <test-method signature="details()[pri:2, instance:testcases.Register@3cebbb30]" started-at="2023-09-04T13:42:48 IST" name="details" finished-at="2023-09-04T13:42:49 IST" duration-ms="910" status="PASS">
          <reporter-output>
          </reporter-output>
        </test-method> <!-- details -->
        <test-method is-config="true" signature="tearDown()[pri:0, instance:testcases.Register@3cebbb30]" started-at="2023-09-04T13:42:49 IST" name="tearDown" finished-at="2023-09-04T13:42:49 IST" duration-ms="648" status="PASS">
          <reporter-output>
          </reporter-output>
        </test-method> <!-- tearDown -->
      </class> <!-- testcases.Register -->
    </test> <!-- Test -->
  </suite> <!-- Suite -->
</testng-results>
